<?xml version="1.0" encoding="UTF-8"?>
<!-- Generated by org.testng.reporters.JUnitXMLReporter -->
<testsuite ignored="0" hostname="LTIN251660" failures="0" tests="21" name="Surefire test" time="0.187" errors="0" timestamp="2024-03-04T15:14:27 IST">
  <testcase classname="TestCases.BaseClass_testNG" name="@BeforeClass beforeClass" time="-1.709545467181E9">
    <failure type="org.testng.TestNGException" message="
Parameter &amp;apos;os&amp;apos; is required by BeforeClass on method beforeClass but has not been marked @Optional or defined
">
      <![CDATA[org.testng.TestNGException: 
Parameter 'os' is required by BeforeClass on method beforeClass but has not been marked @Optional or defined

at java.base/java.util.ArrayList.forEach(ArrayList.java:1511)
... Removed 27 stack frames]]>
    </failure>
  </testcase> <!-- @BeforeClass beforeClass -->
  <testcase classname="TestCases.BaseClass_testNG" name="@AfterClass afterClass" time="0.0">
    <skipped/>
  </testcase> <!-- @AfterClass afterClass -->
  <testcase classname="TestCases.Tests" name="open_travel_insurance" time="0.0">
    <skipped/>
  </testcase> <!-- open_travel_insurance -->
  <testcase classname="TestCases.Tests" name="select_destination" time="0.0">
    <skipped/>
  </testcase> <!-- select_destination -->
  <testcase classname="TestCases.Tests" name="next_Fuctionality" time="0.0">
    <skipped/>
  </testcase> <!-- next_Fuctionality -->
  <testcase classname="TestCases.Tests" name="click_Date" time="0.0">
    <skipped/>
  </testcase> <!-- click_Date -->
  <testcase classname="TestCases.Tests" name="select_Date" time="0.0">
    <skipped/>
  </testcase> <!-- select_Date -->
  <testcase classname="TestCases.Tests" name="click_No_of_persons" time="0.0">
    <skipped/>
  </testcase> <!-- click_No_of_persons -->
  <testcase classname="TestCases.Tests" name="drop_1" time="0.0">
    <skipped/>
  </testcase> <!-- drop_1 -->
  <testcase classname="TestCases.Tests" name="drop_2_and_Next" time="0.0">
    <skipped/>
  </testcase> <!-- drop_2_and_Next -->
  <testcase classname="TestCases.Tests" name="press_no" time="0.0">
    <skipped/>
  </testcase> <!-- press_no -->
  <testcase classname="TestCases.Tests" name="next_click_no" time="0.0">
    <skipped/>
  </testcase> <!-- next_click_no -->
  <testcase classname="TestCases.Tests" name="enter_mob_no" time="0.0">
    <skipped/>
  </testcase> <!-- enter_mob_no -->
  <testcase classname="TestCases.Tests" name="press_Viewplan" time="0.001">
    <skipped/>
  </testcase> <!-- press_Viewplan -->
  <testcase classname="TestCases.Tests" name="lowest_prices_of_three_insurances" time="0.0">
    <skipped/>
  </testcase> <!-- lowest_prices_of_three_insurances -->
  <testcase classname="TestCases.Tests" name="print_First_Three_companies" time="0.001">
    <skipped/>
  </testcase> <!-- print_First_Three_companies -->
  <testcase classname="TestCases.Tests" name="go_To_Home_Page" time="0.001">
    <skipped/>
  </testcase> <!-- go_To_Home_Page -->
  <testcase classname="TestCases.Tests" name="open_car_insurance" time="0.0">
    <skipped/>
  </testcase> <!-- open_car_insurance -->
  <testcase classname="TestCases.Tests" name="enter_new_car_details" time="0.0">
    <skipped/>
  </testcase> <!-- enter_new_car_details -->
  <testcase classname="TestCases.Tests" name="enter_invalid_email" time="0.0">
    <skipped/>
  </testcase> <!-- enter_invalid_email -->
  <testcase classname="TestCases.Tests" name="enter_valid_email" time="0.0">
    <skipped/>
  </testcase> <!-- enter_valid_email -->
  <testcase classname="TestCases.Tests" name="go_to_HomePage" time="0.0">
    <skipped/>
  </testcase> <!-- go_to_HomePage -->
  <testcase classname="TestCases.Tests" name="entering_health_insurance_details" time="0.0">
    <skipped/>
  </testcase> <!-- entering_health_insurance_details -->
</testsuite> <!-- Surefire test -->
