<?xml version="1.0" encoding="UTF-8"?>
<!-- Generated by org.testng.reporters.JUnitXMLReporter -->
<testsuite ignored="20" hostname="LTIN251660" failures="0" tests="1" name="Default test" time="0.183" errors="0" timestamp="2024-02-28T16:57:33 IST">
  <testcase classname="TestCases.BasePage" name="@BeforeClass beforeClass" time="-1.709119653791E9">
    <failure type="org.testng.TestNGException" message="
Parameter &amp;apos;os&amp;apos; is required by BeforeClass on method beforeClass but has not been marked @Optional or defined
in C:\Users\2303852\AppData\Local\Temp\1\testng-eclipse--473186711\testng-customsuite.xml">
      <![CDATA[org.testng.TestNGException: 
Parameter 'os' is required by BeforeClass on method beforeClass but has not been marked @Optional or defined
in C:\Users\2303852\AppData\Local\Temp\1\testng-eclipse--473186711\testng-customsuite.xml
at org.testng.internal.Parameters.createParams(Parameters.java:267)
at org.testng.internal.Parameters.createParametersForMethod(Parameters.java:355)
at org.testng.internal.Parameters.createParameters(Parameters.java:693)
at org.testng.internal.Parameters.createConfigurationParameters(Parameters.java:166)
at org.testng.internal.invokers.ConfigInvoker.invokeConfigurations(ConfigInvoker.java:306)
at org.testng.internal.invokers.TestMethodWorker.invokeBeforeClassMethods(TestMethodWorker.java:180)
at org.testng.internal.invokers.TestMethodWorker.run(TestMethodWorker.java:122)
at java.base/java.util.ArrayList.forEach(ArrayList.java:1511)
at org.testng.TestRunner.privateRun(TestRunner.java:819)
at org.testng.TestRunner.run(TestRunner.java:619)
at org.testng.SuiteRunner.runTest(SuiteRunner.java:443)
at org.testng.SuiteRunner.runSequentially(SuiteRunner.java:437)
at org.testng.SuiteRunner.privateRun(SuiteRunner.java:397)
at org.testng.SuiteRunner.run(SuiteRunner.java:336)
at org.testng.SuiteRunnerWorker.runSuite(SuiteRunnerWorker.java:52)
at org.testng.SuiteRunnerWorker.run(SuiteRunnerWorker.java:95)
at org.testng.TestNG.runSuitesSequentially(TestNG.java:1301)
at org.testng.TestNG.runSuitesLocally(TestNG.java:1228)
at org.testng.TestNG.runSuites(TestNG.java:1134)
at org.testng.TestNG.run(TestNG.java:1101)
at org.testng.remote.AbstractRemoteTestNG.run(AbstractRemoteTestNG.java:115)
at org.testng.remote.RemoteTestNG.initAndRun(RemoteTestNG.java:251)
at org.testng.remote.RemoteTestNG.main(RemoteTestNG.java:77)
]]>
    </failure>
  </testcase> <!-- @BeforeClass beforeClass -->
  <testcase classname="TestCases.BasePage" name="@AfterClass afterClass" time="0.0">
    <skipped/>
  </testcase> <!-- @AfterClass afterClass -->
  <testcase classname="TestCases.Tests" name="select_Date" time="0.0">
    <skipped/>
  </testcase> <!-- select_Date -->
  <testcase classname="TestCases.Tests" name="go_to_HomePage" time="0.0">
    <ignored/>
  </testcase> <!-- go_to_HomePage -->
  <testcase classname="TestCases.Tests" name="click_No_of_persons" time="0.0">
    <ignored/>
  </testcase> <!-- click_No_of_persons -->
  <testcase classname="TestCases.Tests" name="open_car_insurance" time="0.0">
    <ignored/>
  </testcase> <!-- open_car_insurance -->
  <testcase classname="TestCases.Tests" name="click_Date" time="0.0">
    <ignored/>
  </testcase> <!-- click_Date -->
  <testcase classname="TestCases.Tests" name="press_Viewplan" time="0.0">
    <ignored/>
  </testcase> <!-- press_Viewplan -->
  <testcase classname="TestCases.Tests" name="press_no" time="0.0">
    <ignored/>
  </testcase> <!-- press_no -->
  <testcase classname="TestCases.Tests" name="lowest_prices_of_three_insurances" time="0.0">
    <ignored/>
  </testcase> <!-- lowest_prices_of_three_insurances -->
  <testcase classname="TestCases.Tests" name="next_click_no" time="0.0">
    <ignored/>
  </testcase> <!-- next_click_no -->
  <testcase classname="TestCases.Tests" name="drop_2_and_Next" time="0.0">
    <ignored/>
  </testcase> <!-- drop_2_and_Next -->
  <testcase classname="TestCases.Tests" name="enter_new_car_details" time="0.0">
    <ignored/>
  </testcase> <!-- enter_new_car_details -->
  <testcase classname="TestCases.Tests" name="entering_health_insurance_details" time="0.0">
    <ignored/>
  </testcase> <!-- entering_health_insurance_details -->
  <testcase classname="TestCases.Tests" name="open_travel_insurance" time="0.0">
    <ignored/>
  </testcase> <!-- open_travel_insurance -->
  <testcase classname="TestCases.Tests" name="next_Fuctionality" time="0.0">
    <ignored/>
  </testcase> <!-- next_Fuctionality -->
  <testcase classname="TestCases.Tests" name="drop_1" time="0.0">
    <ignored/>
  </testcase> <!-- drop_1 -->
  <testcase classname="TestCases.Tests" name="enter_valid_email" time="0.0">
    <ignored/>
  </testcase> <!-- enter_valid_email -->
  <testcase classname="TestCases.Tests" name="enter_mob_no" time="0.0">
    <ignored/>
  </testcase> <!-- enter_mob_no -->
  <testcase classname="TestCases.Tests" name="print_First_Three_companies" time="0.0">
    <ignored/>
  </testcase> <!-- print_First_Three_companies -->
  <testcase classname="TestCases.Tests" name="select_destination" time="0.0">
    <ignored/>
  </testcase> <!-- select_destination -->
  <testcase classname="TestCases.Tests" name="enter_invalid_email" time="0.0">
    <ignored/>
  </testcase> <!-- enter_invalid_email -->
  <testcase classname="TestCases.Tests" name="go_To_Home_Page" time="0.0">
    <ignored/>
  </testcase> <!-- go_To_Home_Page -->
</testsuite> <!-- Default test -->
